[25/09/2022, 16:14:41] Waya added 15 shells to Barled
[25/09/2022, 16:15:05] Waya added 15 shells to Barled
[25/09/2022, 16:15:20] Waya removed 15 shells from Barled
[25/09/2022, 16:18:35] Waya added 15 shells to ToNoize
[25/09/2022, 16:18:58] Waya added 15 shells to czad
[25/09/2022, 16:19:31] Waya added 15 shells to _RainbowNoob_
[25/09/2022, 16:19:43] Waya added 15 shells to MemeBard
[25/09/2022, 16:21:03] Waya added 5 shells to MrRickroll
[30/09/2022, 15:54:19] CuddlesTheBear removed 15 shells from MemeBard
[30/09/2022, 15:57:07] CuddlesTheBear added 1 shells to MemeBard
[30/09/2022, 15:58:09] CuddlesTheBear added 14 shells to MemeBard
[30/09/2022, 16:01:21] CuddlesTheBear added 69 shells to MemeBard
[30/09/2022, 16:01:36] CuddlesTheBear removed 69 shells from MemeBard
[02/10/2022, 17:56:28] Waya added 15 shells to TNTLoveMe
[02/10/2022, 17:57:04] Waya added 5 shells to Alphatoxxx
[02/10/2022, 17:57:15] Waya added 5 shells to MrRickroll
[02/10/2022, 17:57:43] Waya added 5 shells to MemeBard
[02/10/2022, 17:58:18] Waya added 5 shells to czad
[04/11/2022, 20:31:14] czad added 1 shells to czad
[04/11/2022, 20:31:42] czad removed 1 shells from czad
[20/11/2022, 21:51:24] Cam 😴 added 14 shells to Alproy
[21/11/2022, 12:02:24] Vire added 14 shells to Alproy
[21/11/2022, 16:59:30] Cam 😴 removed 14 shells from Alproy
[21/11/2022, 17:29:18] GoldenShadow added 69 shells to _GoldenShadow
[22/11/2022, 14:21:25] Vire added 30 shells to alproy
[27/11/2022, 14:53:16] GoldenShadow added 50 shells to Barled
[27/11/2022, 14:54:19] GoldenShadow added 20 shells to czad
[30/11/2022, 21:12:41] GoldenShadow removed 51 shells from Barled
[06/12/2022, 01:49:20] Cam 😴 added 10 shells to Alberttron420
[06/12/2022, 09:37:59] Alphatox added 5 shells to Alberttron420
[06/12/2022, 16:02:45] czad added 20 shells to czad
[11/02/2023, 06:06:10] Cam 😴 added 5 shells to IAmAGiantNoob
[22/02/2023, 14:49:01] GoldenShadow added 1000 shells to _GoldenShadow
[23/02/2023, 13:14:47] Alphatox added 15 shells to IAmAGiantNoob
[23/02/2023, 13:59:20] Alphatox added 3 shells to _Eldorin
[23/02/2023, 19:18:14] Alphatox added 6 shells to Alphatoxxx
[24/02/2023, 12:59:51] Alphatox added 8 shells to IAmAGiantNoob
[25/02/2023, 00:30:37] skellybone added 1 shells to skellybone01
[25/02/2023, 00:30:51] skellybone removed 1 shells from skellybone01
[25/02/2023, 13:00:38] Alphatox added 17 shells to IAmAGiantNoob
[26/02/2023, 11:10:08] Alphatox added 20 shells to IAmAGiantNoob
[27/02/2023, 13:07:38] Alphatox added 21 shells to IAmAGiantNoob
[28/02/2023, 03:02:03] Cam 😴 added 11 shells to MagecoreLP
[28/02/2023, 03:08:13] Cam 😴 added 19 shells to MagecoreLP
[28/02/2023, 13:02:02] Alphatox added 19 shells to IAmAGiantNoob
[01/03/2023, 03:38:43] Cam 😴 added 33 shells to MagecoreLP
[01/03/2023, 13:15:46] Alphatox added 36 shells to IAmAGiantNoob
[02/03/2023, 10:35:05] Alphatox added 12 shells to DarkofFire
[02/03/2023, 12:23:43] Alphatox added 26 shells to IAmAGiantNoob
[02/03/2023, 20:01:02] Alphatox added 36 shells to _Eldorin
[03/03/2023, 16:04:59] Vire added 75 shells to _Eldorin
[07/04/2023, 14:37:15] Alphatox added 19 shells to _Eldorin
[07/04/2023, 14:37:49] Alphatox added 67 shells to Glacade
[07/04/2023, 14:39:42] Alphatox removed 124 shells from IAmAGiantNoob
[07/04/2023, 14:40:44] Alphatox added 32 shells to TNTLoveMe
[07/04/2023, 14:41:12] Alphatox removed 15 shells from TNTLoveMe
[07/04/2023, 14:41:53] Alphatox added 2 shells to Stellunasol
[07/04/2023, 14:43:25] Alphatox added 6 shells to TaylorIsGreat
[07/04/2023, 14:44:50] Alphatox added -1070 shells to _GoldenShadow
[07/04/2023, 14:52:06] Alphatox added 20 shells to Glacade
[07/04/2023, 14:52:41] Alphatox added 16 shells to Monarchial
[07/04/2023, 14:55:25] Alphatox added 4 shells to _Eldorin
[08/04/2023, 11:43:38] Alphatox added 45 shells to Monarchial
[09/04/2023, 21:15:11] Alphatox added 201 shells to Monarchial
[11/04/2023, 18:17:51] Alphatox added 33 shells to Monarchial
[11/04/2023, 18:18:00] Alphatox added 2 shells to karlo_sa
[11/04/2023, 18:18:13] Alphatox added 4 shells to PokemonGamer11
[12/04/2023, 21:34:11] Alphatox added 135 shells to lindafelix
[12/04/2023, 21:34:45] Alphatox added 20 shells to PokemonGamer11
[12/04/2023, 21:36:17] Alphatox added 70 shells to Monarchial
[13/04/2023, 20:34:41] Alphatox added 50 shells to 5hotgun
[16/04/2023, 11:40:52] Monarchial added 90 shells to Monarchial
[16/04/2023, 11:41:22] Monarchial added 47 shells to 5hotgun
[16/04/2023, 15:24:42] Monarchial removed 10 shells from Monarchial
[19/04/2023, 14:24:04] Monarchial added 58 shells to Monarchial
[19/04/2023, 15:15:47] Monarchial added 1 shells to Barled
[20/04/2023, 20:50:19] Monarchial added 6 shells to Monarchial
[28/04/2023, 00:35:06] Monarchial added 32 shells to Monarchial
[28/04/2023, 18:35:22] Alphatox added 4 shells to _Eldorin
[01/05/2023, 17:33:36] Monarchial added 16 shells to karlo_sa
[03/05/2023, 15:04:04] Monarchial added 33 shells to Monarchial
[06/05/2023, 20:33:53] Monarchial added 28 shells to Monarchial
[06/05/2023, 21:45:08] Monarchial removed 10 shells from karlo_sa
[06/05/2023, 21:45:35] Monarchial added 10 shells to Monarchial
[06/05/2023, 21:46:20] Monarchial added 10 shells to karlo_sa
[06/05/2023, 21:46:41] Monarchial removed 10 shells from Monarchial
[07/05/2023, 20:12:11] Alphatox added 2 shells to Glacade
[14/05/2023, 14:04:53] Monarchial added 9 shells to Sweet64
[16/05/2023, 00:43:06] Monarchial added 8 shells to ArchoKast
[20/05/2023, 11:08:13] Monarchial added 16 shells to VireVeonix
[20/05/2023, 11:09:50] Monarchial added 2 shells to VireVeonix
[22/05/2023, 14:42:34] Monarchial added 1 shells to Happygator
[22/05/2023, 15:12:35] Monarchial added 88 shells to Monarchial
[22/05/2023, 15:13:18] Monarchial added 1 shells to Nukewarmachine
[24/05/2023, 18:20:23] Monarchial added 1 shells to Happygator
[25/05/2023, 21:38:22] Monarchial added 2 shells to _GoldenShadow
[31/05/2023, 14:10:32] Monarchial added 20 shells to Glacade
[31/05/2023, 14:11:02] Monarchial added 8 shells to MikiTq
[31/05/2023, 14:11:56] Monarchial added 2 shells to Balazskah
[31/05/2023, 14:12:55] Monarchial added 10 shells to VireVeonix
[31/05/2023, 14:13:44] Monarchial added 128 shells to TaylorIsGreat
[31/05/2023, 14:14:44] Monarchial added 6 shells to Balazskah
[31/05/2023, 14:30:38] Monarchial added 367 shells to Monarchial
[31/05/2023, 14:33:42] Monarchial added 29 shells to Monarchial
[31/05/2023, 14:36:49] Monarchial added 3 shells to ArchoKast
[31/05/2023, 14:37:00] Monarchial removed 3 shells from Monarchial
[31/05/2023, 16:58:46] Monarchial added 83 shells to Monarchial
[05/06/2023, 18:38:03] Vire removed 140 shells from 5hotgun
[08/06/2023, 21:46:02] Monarchial added 5 shells to VireVeonix
[09/06/2023, 22:04:03] Monarchial added 4 shells to Alphatoxxx
[10/06/2023, 12:44:14] alphatox added 42 shells to Alphatoxxx
[10/06/2023, 16:23:20] alphatox added 300 shells to IAmAGiantNoob
[10/06/2023, 16:23:35] alphatox removed 300 shells from IAmAGiantNoob
[10/06/2023, 19:34:50] Monarchial added 32 shells to Monarchial
[10/06/2023, 20:49:26] Tree removed 30 shells from karlo_sa
[10/06/2023, 20:53:44] Tree removed 500 shells from Monarchial
[10/06/2023, 22:41:29] Monarchial added 500 shells to Monarchial
[10/06/2023, 22:47:17] kewbin added -500 shells to Monarchial
[10/06/2023, 22:48:05] kewbin removed -500 shells from Monarchial
[11/06/2023, 14:21:39] Monarchial added 37 shells to Monarchial. Reason: 
[12/06/2023, 00:26:39] Monarchial added 41 shells to Monarchial. Reason: 
[12/06/2023, 00:29:18] Monarchial added 40 shells to omarosamagood. Reason: 
[12/06/2023, 00:30:24] Monarchial added 8 shells to Alphatoxxx. Reason: 
[12/06/2023, 00:31:04] Monarchial added 3 shells to omarosamagood. Reason: 
[12/06/2023, 00:31:24] Monarchial added 4 shells to Alphatoxxx. Reason: 
[12/06/2023, 00:33:49] Monarchial added 24 shells to omarosamagood. Reason: 
[12/06/2023, 15:22:01] Monarchial added 7 shells to MikiTq. Reason: 
[12/06/2023, 23:18:29] Monarchial added -1 shells to Barled. Reason: 
[12/06/2023, 23:21:09] Monarchial added 1 shells to Barled. Reason: 
[12/06/2023, 23:21:40] Monarchial added 1 shells to Barled. Reason: 
[14/06/2023, 20:50:41] Monarchial added 137 shells to Monarchial. Reason: 
[18/06/2023, 06:20:39] alphatox added 129 shells to VireVeonix. Reason: 
[18/06/2023, 06:21:32] alphatox added 107 shells to Alphatoxxx. Reason: 
[18/06/2023, 06:22:45] alphatox added 9 shells to Barled. Reason: 
[18/06/2023, 06:23:10] alphatox added 4 shells to Glacade. Reason: 
[19/06/2023, 17:00:36] monarchial added 43 shells to Sweet64. Reason: 
[19/06/2023, 17:03:07] monarchial added 29 shells to ArchoKast. Reason: 
[19/06/2023, 17:06:58] monarchial added 55 shells to Monarchial. Reason: 
[20/06/2023, 14:05:03] monarchial added 2 shells to Sweet64. Reason: 
[20/06/2023, 15:28:08] kewbin added 2 shells to Night_hawak. Reason: 
[21/06/2023, 16:42:50] monarchial added 23 shells to Bacunnnn. Reason: 
[21/06/2023, 16:51:10] monarchial added 17 shells to Mlkksa. Reason: 
[21/06/2023, 16:51:57] monarchial added 15 shells to Mlkksa. Reason: 
[21/06/2023, 16:53:52] monarchial removed -5 shells from Mlkksa. Reason: 
[21/06/2023, 16:54:41] monarchial removed 5 shells from Mlkksa. Reason: 
[21/06/2023, 17:07:00] monarchial added 23 shells to Joe_Low. Reason: 
[21/06/2023, 17:34:41] monarchial added 55 shells to Monarchial. Reason: 
[21/06/2023, 17:59:55] monarchial added 5 shells to Joe_Low. Reason: 
[21/06/2023, 18:17:58] monarchial added 2 shells to Joe_Low. Reason: 
[21/06/2023, 22:15:57] monarchial added 6 shells to OkDoge. Reason: 
[22/06/2023, 00:36:25] monarchial added 22 shells to Hyurra. Reason: 
[22/06/2023, 00:37:44] monarchial removed 1 shells from Hyurra. Reason: 
[22/06/2023, 00:37:58] monarchial added -1 shells to Hyurra. Reason: 
[22/06/2023, 00:40:05] monarchial removed -1 shells from Hyurra. Reason: 
[22/06/2023, 15:33:01] vireveonix removed 20 shells from Hyurra. Reason: 
[23/06/2023, 23:05:14] monarchial added 2 shells to Joe_Low. Reason: 
[24/06/2023, 18:25:41] vireveonix added 10 shells to Corona_Weedus. Reason: Event Participation
[24/06/2023, 18:26:29] vireveonix added 10 shells to lindafelix. Reason: Event Participation
[24/06/2023, 18:26:38] vireveonix added 10 shells to PokemonGamer11. Reason: Event Participation
[24/06/2023, 18:26:50] vireveonix added 10 shells to kmaxi. Reason: Event Participation
[24/06/2023, 18:27:01] vireveonix added 10 shells to L0rD_B33RuS. Reason: Event Participation
[24/06/2023, 18:27:08] vireveonix added 10 shells to Monarchial. Reason: Event Participation
[24/06/2023, 18:28:10] vireveonix added 10 shells to LordGonner. Reason: Event Participation
[24/06/2023, 18:28:19] vireveonix added 10 shells to Misguild. Reason: Event Participation
[24/06/2023, 18:28:30] vireveonix added 10 shells to Sweet64. Reason: Event Participation
[24/06/2023, 18:29:22] vireveonix added 10 shells to Kewbin. Reason: Event Participation
[24/06/2023, 18:29:37] vireveonix added 10 shells to Hamrammi. Reason: Event Participation
[24/06/2023, 18:29:46] vireveonix added 10 shells to Barled. Reason: Event Participation
[24/06/2023, 18:29:54] vireveonix added 10 shells to czad. Reason: Event Participation
[24/06/2023, 18:30:10] vireveonix added 10 shells to MemeBard. Reason: Event Participation
[24/06/2023, 18:30:20] vireveonix added 10 shells to Joe_Low. Reason: Event Participation
[24/06/2023, 18:30:28] vireveonix added 10 shells to MiniCuzImXx. Reason: Event Participation
[24/06/2023, 18:30:33] vireveonix added 10 shells to Night_hawak. Reason: Event Participation
[26/06/2023, 20:09:01] monarchial added 58 shells to Un_dead. Reason: 
[26/06/2023, 20:09:52] monarchial added 1 shells to Dreadddddddddddd. Reason: 
[26/06/2023, 20:10:36] monarchial added 1 shells to Barled. Reason: 
[26/06/2023, 20:11:16] monarchial added 3 shells to Sweet64. Reason: 
[28/06/2023, 17:11:00] monarchial added 74 shells to Monarchial. Reason: 
[28/06/2023, 17:11:49] monarchial added 24 shells to rikplays. Reason: 
[28/06/2023, 17:14:04] monarchial added 15 shells to SpeedyA. Reason: 
[28/06/2023, 17:16:50] monarchial added 58 shells to Monarchial. Reason: 
[29/06/2023, 17:29:39] monarchial added 5 shells to Stellunasol. Reason: 
[29/06/2023, 17:50:27] monarchial added 18 shells to Monarchial. Reason: 
[29/06/2023, 19:02:38] vireveonix added 64 shells to VireVeonix. Reason: 64 coalescence
[30/06/2023, 12:49:29] monarchial added 64 shells to VireVeonix. Reason: 
[30/06/2023, 13:24:22] monarchial added 19 shells to Monarchial. Reason: 
[30/06/2023, 13:27:52] monarchial added 2 shells to Barled. Reason: 
[30/06/2023, 13:28:32] monarchial added 8 shells to SimonikCD. Reason: 
[30/06/2023, 13:32:14] monarchial added 25 shells to Hyurra. Reason: 
[01/07/2023, 14:48:35] alphatox added 6 shells to SimonikCD. Reason: 
[01/07/2023, 14:50:47] alphatox added 52 shells to Monarchial. Reason: 
[01/07/2023, 14:53:50] alphatox added 10 shells to lordhaag. Reason: 
[01/07/2023, 15:00:56] alphatox added 8 shells to Monarchial. Reason: 
[01/07/2023, 17:49:21] tree0001 removed 10 shells from lordhaag. Reason: 
[02/07/2023, 10:11:24] tree0001 removed 10 shells from SimonikCD. Reason: 
[03/07/2023, 06:47:42] alphatox added 48 shells to Monarchial. Reason: 
[05/07/2023, 09:07:29] alphatox added 23 shells to Hyurra. Reason: 
[05/07/2023, 09:08:25] alphatox added 5 shells to Hyurra. Reason: 
[05/07/2023, 09:11:34] alphatox added 20 shells to FeodorRomanov. Reason: 
[05/07/2023, 09:12:27] alphatox added 19 shells to Monarchial. Reason: 
[05/07/2023, 09:17:27] alphatox added 42 shells to SpeedyA. Reason: 
[05/07/2023, 09:17:37] alphatox added 24 shells to VireVeonix. Reason: 
[05/07/2023, 09:26:16] kewbin added 6 shells to ZZJoe_Low. Reason: 
[06/07/2023, 12:14:15] alphatox added 37 shells to Hyurra. Reason: 
[06/07/2023, 12:42:40] alphatox added 43 shells to Alphatoxxx. Reason: 
[06/07/2023, 21:34:09] vireveonix added 40 shells to SpeedyA. Reason: 5 stx LSE
[06/07/2023, 21:35:26] vireveonix added 24 shells to VireVeonix. Reason: 8 Bat Heart, 16 Blessed Heart
[06/07/2023, 21:44:17] vireveonix added 104 shells to Monarchial. Reason: lots of ings
[08/07/2023, 22:46:47] vireveonix added 8 shells to SpeedyA. Reason: 2 stx LSE
[08/07/2023, 22:47:28] vireveonix added 4 shells to OperaKung. Reason: 2 Decaying Heart
[08/07/2023, 22:48:24] vireveonix added 14 shells to Barled. Reason: 7 bat Heart
[08/07/2023, 22:49:15] vireveonix added 10 shells to VireVeonix. Reason: 64 Aqua Vitae
[09/07/2023, 09:17:43] vireveonix added 28 shells to Barled. Reason: 14 Bat Hearts
[09/07/2023, 21:19:27] alphatox added 7 shells to Alphatoxxx. Reason: 
[09/07/2023, 21:19:38] alphatox added 6 shells to VireVeonix. Reason: 
[09/07/2023, 21:19:59] alphatox added 14 shells to FeodorRomanov. Reason: 
[10/07/2023, 20:00:53] vireveonix added 34 shells to Monarchial. Reason: lotta stuff
[10/07/2023, 20:01:47] vireveonix added 64 shells to VireVeonix. Reason: 64 Pride of the Height
[10/07/2023, 20:02:57] vireveonix added 16 shells to GalacticBat. Reason: 64 Dried Gill
[10/07/2023, 20:03:08] monarchial added 1 shells to Monarchial. Reason: 
[10/07/2023, 20:04:02] vireveonix added 186 shells to WeaponMerchant. Reason: 93 bat Hearts
[10/07/2023, 20:05:24] vireveonix added 26 shells to lafafal. Reason: 2 decaying, 48 glacial, 64 Fairy Powder
[10/07/2023, 20:06:38] vireveonix added 5 shells to lafafal. Reason: 50 Plane, 12 Glacial
[10/07/2023, 20:06:57] vireveonix added 8 shells to Monarchial. Reason: 8 Pride of the Heights
[11/07/2023, 14:58:42] vireveonix removed 15 shells from lafafal. Reason: 52 lb helm
[14/07/2023, 10:59:27] alphatox added 30 shells to SpeedyA. Reason: 
[14/07/2023, 11:02:31] alphatox added 166 shells to WeaponMerchant. Reason: 
[14/07/2023, 11:03:37] alphatox added 25 shells to TaylorIsGreat. Reason: 
[14/07/2023, 11:04:21] alphatox added 24 shells to GalacticBat. Reason: 
[14/07/2023, 11:04:59] alphatox added 11 shells to VireVeonix. Reason: 
[14/07/2023, 11:05:43] alphatox added 1 shells to GalacticBat. Reason: 
[14/07/2023, 11:05:52] alphatox added 1 shells to ZZJoe_Low. Reason: 
[14/07/2023, 11:06:01] alphatox added 1 shells to GOG100. Reason: 
[14/07/2023, 11:08:27] alphatox added 77 shells to Alphatoxxx. Reason: 5 borange 10 poth and 6stx of t2 grains no ss
[16/07/2023, 02:35:52] alphatox added 3 shells to GOG100. Reason: 
[16/07/2023, 02:36:47] alphatox added 9 shells to ZZJoe_Low. Reason: 
[16/07/2023, 02:37:53] alphatox added 2 shells to Askaarr. Reason: 
[16/07/2023, 02:38:44] alphatox added 7 shells to Nukewarmachine. Reason: 
[20/07/2023, 11:03:36] alphatox added 111 shells to WeaponMerchant. Reason: 
[20/07/2023, 11:04:12] alphatox added 1 shells to ZZJoe_Low. Reason: 
[20/07/2023, 11:04:20] alphatox added 3 shells to SmkvvH. Reason: 
[20/07/2023, 11:05:16] alphatox added 17 shells to Mlkksa. Reason: 
[20/07/2023, 11:06:46] alphatox added 6 shells to Barled. Reason: 
[20/07/2023, 11:07:28] alphatox added 21 shells to Hyurra. Reason: 
[20/07/2023, 13:55:02] monarchial added 1 shells to GlueGunner0. Reason: 
[22/07/2023, 14:24:14] vireveonix added 9 shells to Hitthenutz. Reason: 6 Bat heart
[22/07/2023, 14:25:25] vireveonix added 11 shells to Hitthenutz. Reason: 10 Voidstone Ingot t3; 18 Voidstone Gem t3; 6 Starfish Oil t3
[22/07/2023, 14:27:58] vireveonix added 10 shells to Barled. Reason: 49 Glacial Anomaly; 6 Plane of Nonexistence
[22/07/2023, 14:28:53] vireveonix added 3 shells to TheRaphtaliaGuy. Reason: 3 Dernic Paper t3
[22/07/2023, 14:31:42] vireveonix added 5 shells to Chqrish. Reason: various Ingredients
[22/07/2023, 14:32:32] vireveonix added 5 shells to landrobop. Reason: 25 Glacial Anomaly
[22/07/2023, 14:33:24] vireveonix added 2 shells to GOG100. Reason: 6 Glacial, 2 Plane
[22/07/2023, 14:33:52] vireveonix added 1 shells to landrobop. Reason: 4 Shriekers head
[22/07/2023, 21:57:38] tree0001 added 4 shells to landrobop. Reason: 
[22/07/2023, 21:58:07] tree0001 removed 10 shells from landrobop. Reason: 
[23/07/2023, 09:35:45] alphatox added 7 shells to Omnivi. Reason: 
[23/07/2023, 09:36:27] alphatox added 2 shells to Omnivi. Reason: 
[23/07/2023, 09:37:24] alphatox added 13 shells to Barled. Reason: 
[24/07/2023, 11:03:17] alphatox added 4 shells to OkDoge. Reason: 
[24/07/2023, 11:04:33] alphatox added 74 shells to FHippo. Reason: 
[24/07/2023, 11:05:02] alphatox added 2 shells to Barled. Reason: 
[24/07/2023, 18:20:35] vireveonix removed 50 shells from FHippo. Reason: 
[25/07/2023, 10:28:07] alphatox added 42 shells to WeaponMerchant. Reason: 
[25/07/2023, 10:28:12] alphatox added 1 shells to ZZJoe_Low. Reason: 
[25/07/2023, 14:34:52] vireveonix added 1 shells to NLcobraXL. Reason: 8 Wisdom Pots
[26/07/2023, 13:42:02] alphatox added 86 shells to WeaponMerchant. Reason: 
[26/07/2023, 13:43:01] alphatox added 7 shells to Barled. Reason: 
[26/07/2023, 20:37:11] vireveonix removed 10 shells from OkDoge. Reason: gxp helm
[28/07/2023, 14:34:26] alphatox added 28 shells to GalacticBat. Reason: 
[28/07/2023, 14:34:57] alphatox added 1 shells to NLcobraXL. Reason: 
[28/07/2023, 14:35:04] alphatox added 1 shells to GOG100. Reason: 
[28/07/2023, 14:35:09] alphatox added 1 shells to landrobop. Reason: 
[28/07/2023, 14:35:49] alphatox added 256 shells to WeaponMerchant. Reason: 
[30/07/2023, 18:31:20] monarchial added -2 shells to Dreadddddddddddd. Reason: 
[31/07/2023, 10:14:07] alphatox added 1 shells to GlueGunner0. Reason: 
[31/07/2023, 10:14:13] alphatox added 1 shells to GalacticBat. Reason: 
[31/07/2023, 10:15:07] alphatox added 1 shells to ZZJoe_Low. Reason: 
[31/07/2023, 10:15:13] alphatox added 32 shells to GalacticBat. Reason: 
[31/07/2023, 10:16:11] alphatox added 87 shells to WeaponMerchant. Reason: 
[31/07/2023, 13:52:25] alphatox added 3 shells to ZZJoe_Low. Reason: 
[31/07/2023, 15:10:31] monarchial added 1 shells to jittermat. Reason: 
[31/07/2023, 15:19:39] monarchial added 1 shells to ArchoKast. Reason: 
[31/07/2023, 15:20:19] monarchial added 1 shells to Alphatoxxx. Reason: 
[31/07/2023, 15:31:48] monarchial added 3 shells to ArchoKast. Reason: 
[31/07/2023, 15:32:30] monarchial added 1 shells to Alphatoxxx. Reason: 
[31/07/2023, 22:31:41] monarchial added 7 shells to SpeedyA. Reason: 
[01/08/2023, 17:36:55] vireveonix added 10 shells to Slowless. Reason: 10 t3 Dernic Ingot
[01/08/2023, 21:25:56] monarchial added 4 shells to MemeBard. Reason: 
[01/08/2023, 21:27:17] memebard removed 4 shells from MemeBard. Reason: 
[01/08/2023, 21:38:20] monarchial added 4 shells to MemeBard. Reason: 
[01/08/2023, 21:38:39] monarchial added 20 shells to WoodCreature. Reason: 
[01/08/2023, 21:42:10] memebard removed 4 shells from MemeBard. Reason: 
[02/08/2023, 12:16:40] vireveonix added -4 shells to MemeBard. Reason: fixing numbers
[02/08/2023, 13:08:23] monarchial added 2 shells to Alphatoxxx. Reason: 
[02/08/2023, 13:54:09] monarchial added 60 shells to Monarchial. Reason: 
[02/08/2023, 14:21:31] vireveonix added 6 shells to _X_BananaMan_X_. Reason: 94 Cherry Saplings
[21/01/2024, 15:55:39] kewbin added 10 shells to Kewbin. Reason: 
[05/05/2025, 15:57:05] thundderr added 33 to ea7ca108-8e11-4a4e-9cd6-03d1c5cd2484. Reason: 
[05/05/2025, 15:57:24] thundderr removeed 3 to ea7ca108-8e11-4a4e-9cd6-03d1c5cd2484. Reason: 
[05/05/2025, 15:58:38] thundderr removeed 3 to ea7ca108-8e11-4a4e-9cd6-03d1c5cd2484. Reason: 
[07/05/2025, 19:36:29] thundderr added 2 to Thundderr. Reason: 
[07/05/2025, 19:37:40] thundderr added 3 to Thundderr. Reason: 
[10/05/2025, 20:10:10] thundderr added 2 to Thundderr. Reason: 
[10/05/2025, 20:10:25] thundderr removeed 5 to Thundderr. Reason: 
[11/05/2025, 20:02:16] thundderr removeed 5 to Thundderr. Reason: 
[12/05/2025, 10:48:20] thundderr added 5 to Thundderr.
[12/05/2025, 10:48:36] thundderr removeed 5 to Thundderr.
[01/06/2025, 17:38:44] gooseiverseindex added 508 to CarrotBunn.
